<?xml version="1.0" encoding="UTF-8"?>
<!-- Generated by org.testng.reporters.JUnitReportReporter -->
<testsuite hostname="LTTECH2006" failures="0" tests="5" name="calculator.ui.TestRunner" time="71.673" errors="0" timestamp="2020-11-07T01:48:13 EAT" skipped="0">
  <testcase classname="calculator.ui.TestRunner" name="runScenario" time="11.916"/>
  <system-out/>
  <testcase classname="calculator.ui.TestRunner" name="runScenario" time="20.439"/>
  <system-out/>
  <testcase classname="calculator.ui.TestRunner" name="runScenario" time="10.594"/>
  <system-out/>
  <testcase classname="calculator.ui.TestRunner" name="runScenario" time="9.068"/>
  <system-out/>
  <testcase classname="calculator.ui.TestRunner" name="runScenario" time="19.656"/>
  <system-out/>
</testsuite> <!-- calculator.ui.TestRunner -->
